<?xml version="1.0" encoding="UTF-8"?>
<testsuite name="org.OpenAIChats.OpenAIVisionTest" tests="1" skipped="0" failures="0" errors="0" timestamp="2024-09-26T19:54:23" hostname="Anthonys-MacBook-Pro-2.local" time="4.686">
  <properties/>
  <testcase name="visionChat()" classname="org.OpenAIChats.OpenAIVisionTest" time="4.686"/>
  <system-out><![CDATA[The picture shows a colorful street scene, likely in a historic area. The buildings are painted in various vibrant colors, and there are cobblestone steps leading up the hill. Some people are seen walking in the area, adding life to the setting.

### Items that are blue:
1. Light blue building (the leftmost building)
2. Dark blue building (adjacent to the light blue one)

### Items that are not blue:
1. Green building (light green behind the blue buildings)
2. Red building (next to the yellow building)
3. Yellow building (to the right of the red building)
4. Cobblestone steps (gray/brown)
5. Street lamps (metallic, likely black or gray)
6. People (various colors of clothing)
7. Windows and doors (various colors, mainly white)
8. Shadows on the ground (gray/black) 

This vibrant setting highlights the architectural beauty and cultural richness of the area.
]]></system-out>
  <system-err><![CDATA[SLF4J: No SLF4J providers were found.
SLF4J: Defaulting to no-operation (NOP) logger implementation
SLF4J: See https://www.slf4j.org/codes.html#noProviders for further details.
]]></system-err>
</testsuite>
